2024-12-04 15:26:40 INFO  FileTransferServer - —Â‚Â Á‡ÔÛ˘ÂÌ Ë ÓÊË‰‡ÂÚ ÔÓ‰ÍÎ˛˜ÂÌËˇ...
2024-12-04 15:26:52 INFO  GUI - œÓ‰ÍÎ˛˜ÂÌËÂ Í ÒÂ‚ÂÛ...
2024-12-04 15:26:52 INFO  FileTransferServer -  ÎËÂÌÚ ÔÓ‰ÍÎ˛˜ÂÌ: 127.0.0.1
2024-12-04 15:26:52 ERROR FileTransferServer - Œ¯Ë·Í‡ ÔË ÔÓÎÛ˜ÂÌËË Ù‡ÈÎ‡: null
java.io.EOFException
	at java.base/java.io.DataInputStream.readUnsignedShort(DataInputStream.java:346)
	at java.base/java.io.DataInputStream.readUTF(DataInputStream.java:595)
	at java.base/java.io.DataInputStream.readUTF(DataInputStream.java:570)
	at FileTransferSystem.FileTransferServer.receiveFile(FileTransferServer.java:101)
	at FileTransferSystem.FileTransferServer.lambda$startServer$2(FileTransferServer.java:73)
	at java.base/java.lang.Thread.run(Thread.java:831)
2024-12-04 15:27:01 ERROR GUI - Œ¯Ë·Í‡: x != [B
java.util.IllegalFormatConversionException: x != [B
	at java.base/java.util.Formatter$FormatSpecifier.failConversion(Formatter.java:4445)
	at java.base/java.util.Formatter$FormatSpecifier.printInteger(Formatter.java:2957)
	at java.base/java.util.Formatter$FormatSpecifier.print(Formatter.java:2911)
	at java.base/java.util.Formatter.format(Formatter.java:2689)
	at java.base/java.util.Formatter.format(Formatter.java:2625)
	at java.base/java.lang.String.format(String.java:3290)
	at FileTransferSystem.GUI.lambda$bytesToHex$0(GUI.java:172)
	at java.base/java.util.stream.ReferencePipeline$3$1.accept(ReferencePipeline.java:197)
	at java.base/java.util.stream.Streams$StreamBuilderImpl.forEachRemaining(Streams.java:411)
	at java.base/java.util.stream.AbstractPipeline.copyInto(AbstractPipeline.java:484)
	at java.base/java.util.stream.AbstractPipeline.wrapAndCopyInto(AbstractPipeline.java:474)
	at java.base/java.util.stream.ReduceOps$ReduceOp.evaluateSequential(ReduceOps.java:913)
	at java.base/java.util.stream.AbstractPipeline.evaluate(AbstractPipeline.java:234)
	at java.base/java.util.stream.ReferencePipeline.collect(ReferencePipeline.java:682)
	at FileTransferSystem.GUI.bytesToHex(GUI.java:173)
	at FileTransferSystem.GUI.sendFile(GUI.java:104)
	at java.desktop/javax.swing.AbstractButton.fireActionPerformed(AbstractButton.java:1972)
	at java.desktop/javax.swing.AbstractButton$Handler.actionPerformed(AbstractButton.java:2313)
	at java.desktop/javax.swing.DefaultButtonModel.fireActionPerformed(DefaultButtonModel.java:405)
	at java.desktop/javax.swing.DefaultButtonModel.setPressed(DefaultButtonModel.java:262)
	at java.desktop/javax.swing.plaf.basic.BasicButtonListener.mouseReleased(BasicButtonListener.java:279)
	at java.desktop/java.awt.Component.processMouseEvent(Component.java:6617)
	at java.desktop/javax.swing.JComponent.processMouseEvent(JComponent.java:3342)
	at java.desktop/java.awt.Component.processEvent(Component.java:6382)
	at java.desktop/java.awt.Container.processEvent(Container.java:2264)
	at java.desktop/java.awt.Component.dispatchEventImpl(Component.java:4993)
	at java.desktop/java.awt.Container.dispatchEventImpl(Container.java:2322)
	at java.desktop/java.awt.Component.dispatchEvent(Component.java:4825)
	at java.desktop/java.awt.LightweightDispatcher.retargetMouseEvent(Container.java:4934)
	at java.desktop/java.awt.LightweightDispatcher.processMouseEvent(Container.java:4563)
	at java.desktop/java.awt.LightweightDispatcher.dispatchEvent(Container.java:4504)
	at java.desktop/java.awt.Container.dispatchEventImpl(Container.java:2308)
	at java.desktop/java.awt.Window.dispatchEventImpl(Window.java:2773)
	at java.desktop/java.awt.Component.dispatchEvent(Component.java:4825)
	at java.desktop/java.awt.EventQueue.dispatchEventImpl(EventQueue.java:772)
	at java.desktop/java.awt.EventQueue$4.run(EventQueue.java:721)
	at java.desktop/java.awt.EventQueue$4.run(EventQueue.java:715)
	at java.base/java.security.AccessController.doPrivileged(AccessController.java:391)
	at java.base/java.security.ProtectionDomain$JavaSecurityAccessImpl.doIntersectionPrivilege(ProtectionDomain.java:85)
	at java.base/java.security.ProtectionDomain$JavaSecurityAccessImpl.doIntersectionPrivilege(ProtectionDomain.java:95)
	at java.desktop/java.awt.EventQueue$5.run(EventQueue.java:745)
	at java.desktop/java.awt.EventQueue$5.run(EventQueue.java:743)
	at java.base/java.security.AccessController.doPrivileged(AccessController.java:391)
	at java.base/java.security.ProtectionDomain$JavaSecurityAccessImpl.doIntersectionPrivilege(ProtectionDomain.java:85)
	at java.desktop/java.awt.EventQueue.dispatchEvent(EventQueue.java:742)
	at java.desktop/java.awt.EventDispatchThread.pumpOneEventForFilters(EventDispatchThread.java:203)
	at java.desktop/java.awt.EventDispatchThread.pumpEventsForFilter(EventDispatchThread.java:124)
	at java.desktop/java.awt.EventDispatchThread.pumpEventsForHierarchy(EventDispatchThread.java:113)
	at java.desktop/java.awt.EventDispatchThread.pumpEvents(EventDispatchThread.java:109)
	at java.desktop/java.awt.EventDispatchThread.pumpEvents(EventDispatchThread.java:101)
	at java.desktop/java.awt.EventDispatchThread.run(EventDispatchThread.java:90)
2024-12-04 15:27:20 INFO  FileTransferServer -  ÎËÂÌÚ ÔÓ‰ÍÎ˛˜ÂÌ: 127.0.0.1
2024-12-04 15:27:20 INFO  GUI - œÓ‰ÍÎ˛˜ÂÌËÂ Í ÒÂ‚ÂÛ...
2024-12-04 15:27:20 ERROR FileTransferServer - Œ¯Ë·Í‡ ÔË ÔÓÎÛ˜ÂÌËË Ù‡ÈÎ‡: null
java.io.EOFException
	at java.base/java.io.DataInputStream.readUnsignedShort(DataInputStream.java:346)
	at java.base/java.io.DataInputStream.readUTF(DataInputStream.java:595)
	at java.base/java.io.DataInputStream.readUTF(DataInputStream.java:570)
	at FileTransferSystem.FileTransferServer.receiveFile(FileTransferServer.java:101)
	at FileTransferSystem.FileTransferServer.lambda$startServer$2(FileTransferServer.java:73)
	at java.base/java.lang.Thread.run(Thread.java:831)
2024-12-04 15:27:24 ERROR GUI - Œ¯Ë·Í‡: x != [B
java.util.IllegalFormatConversionException: x != [B
	at java.base/java.util.Formatter$FormatSpecifier.failConversion(Formatter.java:4445)
	at java.base/java.util.Formatter$FormatSpecifier.printInteger(Formatter.java:2957)
	at java.base/java.util.Formatter$FormatSpecifier.print(Formatter.java:2911)
	at java.base/java.util.Formatter.format(Formatter.java:2689)
	at java.base/java.util.Formatter.format(Formatter.java:2625)
	at java.base/java.lang.String.format(String.java:3290)
	at FileTransferSystem.GUI.lambda$bytesToHex$0(GUI.java:172)
	at java.base/java.util.stream.ReferencePipeline$3$1.accept(ReferencePipeline.java:197)
	at java.base/java.util.stream.Streams$StreamBuilderImpl.forEachRemaining(Streams.java:411)
	at java.base/java.util.stream.AbstractPipeline.copyInto(AbstractPipeline.java:484)
	at java.base/java.util.stream.AbstractPipeline.wrapAndCopyInto(AbstractPipeline.java:474)
	at java.base/java.util.stream.ReduceOps$ReduceOp.evaluateSequential(ReduceOps.java:913)
	at java.base/java.util.stream.AbstractPipeline.evaluate(AbstractPipeline.java:234)
	at java.base/java.util.stream.ReferencePipeline.collect(ReferencePipeline.java:682)
	at FileTransferSystem.GUI.bytesToHex(GUI.java:173)
	at FileTransferSystem.GUI.sendFile(GUI.java:104)
	at java.desktop/javax.swing.AbstractButton.fireActionPerformed(AbstractButton.java:1972)
	at java.desktop/javax.swing.AbstractButton$Handler.actionPerformed(AbstractButton.java:2313)
	at java.desktop/javax.swing.DefaultButtonModel.fireActionPerformed(DefaultButtonModel.java:405)
	at java.desktop/javax.swing.DefaultButtonModel.setPressed(DefaultButtonModel.java:262)
	at java.desktop/javax.swing.plaf.basic.BasicButtonListener.mouseReleased(BasicButtonListener.java:279)
	at java.desktop/java.awt.Component.processMouseEvent(Component.java:6617)
	at java.desktop/javax.swing.JComponent.processMouseEvent(JComponent.java:3342)
	at java.desktop/java.awt.Component.processEvent(Component.java:6382)
	at java.desktop/java.awt.Container.processEvent(Container.java:2264)
	at java.desktop/java.awt.Component.dispatchEventImpl(Component.java:4993)
	at java.desktop/java.awt.Container.dispatchEventImpl(Container.java:2322)
	at java.desktop/java.awt.Component.dispatchEvent(Component.java:4825)
	at java.desktop/java.awt.LightweightDispatcher.retargetMouseEvent(Container.java:4934)
	at java.desktop/java.awt.LightweightDispatcher.processMouseEvent(Container.java:4563)
	at java.desktop/java.awt.LightweightDispatcher.dispatchEvent(Container.java:4504)
	at java.desktop/java.awt.Container.dispatchEventImpl(Container.java:2308)
	at java.desktop/java.awt.Window.dispatchEventImpl(Window.java:2773)
	at java.desktop/java.awt.Component.dispatchEvent(Component.java:4825)
	at java.desktop/java.awt.EventQueue.dispatchEventImpl(EventQueue.java:772)
	at java.desktop/java.awt.EventQueue$4.run(EventQueue.java:721)
	at java.desktop/java.awt.EventQueue$4.run(EventQueue.java:715)
	at java.base/java.security.AccessController.doPrivileged(AccessController.java:391)
	at java.base/java.security.ProtectionDomain$JavaSecurityAccessImpl.doIntersectionPrivilege(ProtectionDomain.java:85)
	at java.base/java.security.ProtectionDomain$JavaSecurityAccessImpl.doIntersectionPrivilege(ProtectionDomain.java:95)
	at java.desktop/java.awt.EventQueue$5.run(EventQueue.java:745)
	at java.desktop/java.awt.EventQueue$5.run(EventQueue.java:743)
	at java.base/java.security.AccessController.doPrivileged(AccessController.java:391)
	at java.base/java.security.ProtectionDomain$JavaSecurityAccessImpl.doIntersectionPrivilege(ProtectionDomain.java:85)
	at java.desktop/java.awt.EventQueue.dispatchEvent(EventQueue.java:742)
	at java.desktop/java.awt.EventDispatchThread.pumpOneEventForFilters(EventDispatchThread.java:203)
	at java.desktop/java.awt.EventDispatchThread.pumpEventsForFilter(EventDispatchThread.java:124)
	at java.desktop/java.awt.EventDispatchThread.pumpEventsForHierarchy(EventDispatchThread.java:113)
	at java.desktop/java.awt.EventDispatchThread.pumpEvents(EventDispatchThread.java:109)
	at java.desktop/java.awt.EventDispatchThread.pumpEvents(EventDispatchThread.java:101)
	at java.desktop/java.awt.EventDispatchThread.run(EventDispatchThread.java:90)
2024-12-04 15:28:53 ERROR GUI - –û—à–∏–±–∫–∞: Connection refused: connect
java.net.ConnectException: Connection refused: connect
	at java.base/sun.nio.ch.Net.connect0(Native Method)
	at java.base/sun.nio.ch.Net.connect(Net.java:576)
	at java.base/sun.nio.ch.Net.connect(Net.java:565)
	at java.base/sun.nio.ch.NioSocketImpl.connect(NioSocketImpl.java:588)
	at java.base/java.net.SocksSocketImpl.connect(SocksSocketImpl.java:333)
	at java.base/java.net.Socket.connect(Socket.java:645)
	at java.base/java.net.Socket.connect(Socket.java:595)
	at java.base/java.net.Socket.<init>(Socket.java:519)
	at java.base/java.net.Socket.<init>(Socket.java:293)
	at FileTransferSystem.GUI.sendFile(GUI.java:80)
	at java.desktop/javax.swing.AbstractButton.fireActionPerformed(AbstractButton.java:1972)
	at java.desktop/javax.swing.AbstractButton$Handler.actionPerformed(AbstractButton.java:2313)
	at java.desktop/javax.swing.DefaultButtonModel.fireActionPerformed(DefaultButtonModel.java:405)
	at java.desktop/javax.swing.DefaultButtonModel.setPressed(DefaultButtonModel.java:262)
	at java.desktop/javax.swing.plaf.basic.BasicButtonListener.mouseReleased(BasicButtonListener.java:279)
	at java.desktop/java.awt.Component.processMouseEvent(Component.java:6617)
	at java.desktop/javax.swing.JComponent.processMouseEvent(JComponent.java:3342)
	at java.desktop/java.awt.Component.processEvent(Component.java:6382)
	at java.desktop/java.awt.Container.processEvent(Container.java:2264)
	at java.desktop/java.awt.Component.dispatchEventImpl(Component.java:4993)
	at java.desktop/java.awt.Container.dispatchEventImpl(Container.java:2322)
	at java.desktop/java.awt.Component.dispatchEvent(Component.java:4825)
	at java.desktop/java.awt.LightweightDispatcher.retargetMouseEvent(Container.java:4934)
	at java.desktop/java.awt.LightweightDispatcher.processMouseEvent(Container.java:4563)
	at java.desktop/java.awt.LightweightDispatcher.dispatchEvent(Container.java:4504)
	at java.desktop/java.awt.Container.dispatchEventImpl(Container.java:2308)
	at java.desktop/java.awt.Window.dispatchEventImpl(Window.java:2773)
	at java.desktop/java.awt.Component.dispatchEvent(Component.java:4825)
	at java.desktop/java.awt.EventQueue.dispatchEventImpl(EventQueue.java:772)
	at java.desktop/java.awt.EventQueue$4.run(EventQueue.java:721)
	at java.desktop/java.awt.EventQueue$4.run(EventQueue.java:715)
	at java.base/java.security.AccessController.doPrivileged(AccessController.java:391)
	at java.base/java.security.ProtectionDomain$JavaSecurityAccessImpl.doIntersectionPrivilege(ProtectionDomain.java:85)
	at java.base/java.security.ProtectionDomain$JavaSecurityAccessImpl.doIntersectionPrivilege(ProtectionDomain.java:95)
	at java.desktop/java.awt.EventQueue$5.run(EventQueue.java:745)
	at java.desktop/java.awt.EventQueue$5.run(EventQueue.java:743)
	at java.base/java.security.AccessController.doPrivileged(AccessController.java:391)
	at java.base/java.security.ProtectionDomain$JavaSecurityAccessImpl.doIntersectionPrivilege(ProtectionDomain.java:85)
	at java.desktop/java.awt.EventQueue.dispatchEvent(EventQueue.java:742)
	at java.desktop/java.awt.EventDispatchThread.pumpOneEventForFilters(EventDispatchThread.java:203)
	at java.desktop/java.awt.EventDispatchThread.pumpEventsForFilter(EventDispatchThread.java:124)
	at java.desktop/java.awt.EventDispatchThread.pumpEventsForHierarchy(EventDispatchThread.java:113)
	at java.desktop/java.awt.EventDispatchThread.pumpEvents(EventDispatchThread.java:109)
	at java.desktop/java.awt.EventDispatchThread.pumpEvents(EventDispatchThread.java:101)
	at java.desktop/java.awt.EventDispatchThread.run(EventDispatchThread.java:90)
2024-12-04 15:28:56 INFO  FileTransferServer - –°–µ—Ä–≤–µ—Ä –∑–∞–ø—É—â–µ–Ω –∏ –æ–∂–∏–¥–∞–µ—Ç –ø–æ–¥–∫–ª—é—á–µ–Ω–∏—è...
2024-12-04 15:28:58 INFO  GUI - –ü–æ–¥–∫–ª—é—á–µ–Ω–∏–µ –∫ —Å–µ—Ä–≤–µ—Ä—É...
2024-12-04 15:28:58 INFO  FileTransferServer - –ö–ª–∏–µ–Ω—Ç –ø–æ–¥–∫–ª—é—á–µ–Ω: 127.0.0.1
2024-12-04 15:28:58 ERROR FileTransferServer - –û—à–∏–±–∫–∞ –ø—Ä–∏ –ø–æ–ª—É—á–µ–Ω–∏–∏ —Ñ–∞–π–ª–∞: null
java.io.EOFException
	at java.base/java.io.DataInputStream.readUnsignedShort(DataInputStream.java:346)
	at java.base/java.io.DataInputStream.readUTF(DataInputStream.java:595)
	at java.base/java.io.DataInputStream.readUTF(DataInputStream.java:570)
	at FileTransferSystem.FileTransferServer.receiveFile(FileTransferServer.java:101)
	at FileTransferSystem.FileTransferServer.lambda$startServer$2(FileTransferServer.java:73)
	at java.base/java.lang.Thread.run(Thread.java:831)
2024-12-04 15:29:00 ERROR GUI - –û—à–∏–±–∫–∞: x != [B
java.util.IllegalFormatConversionException: x != [B
	at java.base/java.util.Formatter$FormatSpecifier.failConversion(Formatter.java:4445)
	at java.base/java.util.Formatter$FormatSpecifier.printInteger(Formatter.java:2957)
	at java.base/java.util.Formatter$FormatSpecifier.print(Formatter.java:2911)
	at java.base/java.util.Formatter.format(Formatter.java:2689)
	at java.base/java.util.Formatter.format(Formatter.java:2625)
	at java.base/java.lang.String.format(String.java:3290)
	at FileTransferSystem.GUI.lambda$bytesToHex$0(GUI.java:172)
	at java.base/java.util.stream.ReferencePipeline$3$1.accept(ReferencePipeline.java:197)
	at java.base/java.util.stream.Streams$StreamBuilderImpl.forEachRemaining(Streams.java:411)
	at java.base/java.util.stream.AbstractPipeline.copyInto(AbstractPipeline.java:484)
	at java.base/java.util.stream.AbstractPipeline.wrapAndCopyInto(AbstractPipeline.java:474)
	at java.base/java.util.stream.ReduceOps$ReduceOp.evaluateSequential(ReduceOps.java:913)
	at java.base/java.util.stream.AbstractPipeline.evaluate(AbstractPipeline.java:234)
	at java.base/java.util.stream.ReferencePipeline.collect(ReferencePipeline.java:682)
	at FileTransferSystem.GUI.bytesToHex(GUI.java:173)
	at FileTransferSystem.GUI.sendFile(GUI.java:104)
	at java.desktop/javax.swing.AbstractButton.fireActionPerformed(AbstractButton.java:1972)
	at java.desktop/javax.swing.AbstractButton$Handler.actionPerformed(AbstractButton.java:2313)
	at java.desktop/javax.swing.DefaultButtonModel.fireActionPerformed(DefaultButtonModel.java:405)
	at java.desktop/javax.swing.DefaultButtonModel.setPressed(DefaultButtonModel.java:262)
	at java.desktop/javax.swing.plaf.basic.BasicButtonListener.mouseReleased(BasicButtonListener.java:279)
	at java.desktop/java.awt.Component.processMouseEvent(Component.java:6617)
	at java.desktop/javax.swing.JComponent.processMouseEvent(JComponent.java:3342)
	at java.desktop/java.awt.Component.processEvent(Component.java:6382)
	at java.desktop/java.awt.Container.processEvent(Container.java:2264)
	at java.desktop/java.awt.Component.dispatchEventImpl(Component.java:4993)
	at java.desktop/java.awt.Container.dispatchEventImpl(Container.java:2322)
	at java.desktop/java.awt.Component.dispatchEvent(Component.java:4825)
	at java.desktop/java.awt.LightweightDispatcher.retargetMouseEvent(Container.java:4934)
	at java.desktop/java.awt.LightweightDispatcher.processMouseEvent(Container.java:4563)
	at java.desktop/java.awt.LightweightDispatcher.dispatchEvent(Container.java:4504)
	at java.desktop/java.awt.Container.dispatchEventImpl(Container.java:2308)
	at java.desktop/java.awt.Window.dispatchEventImpl(Window.java:2773)
	at java.desktop/java.awt.Component.dispatchEvent(Component.java:4825)
	at java.desktop/java.awt.EventQueue.dispatchEventImpl(EventQueue.java:772)
	at java.desktop/java.awt.EventQueue$4.run(EventQueue.java:721)
	at java.desktop/java.awt.EventQueue$4.run(EventQueue.java:715)
	at java.base/java.security.AccessController.doPrivileged(AccessController.java:391)
	at java.base/java.security.ProtectionDomain$JavaSecurityAccessImpl.doIntersectionPrivilege(ProtectionDomain.java:85)
	at java.base/java.security.ProtectionDomain$JavaSecurityAccessImpl.doIntersectionPrivilege(ProtectionDomain.java:95)
	at java.desktop/java.awt.EventQueue$5.run(EventQueue.java:745)
	at java.desktop/java.awt.EventQueue$5.run(EventQueue.java:743)
	at java.base/java.security.AccessController.doPrivileged(AccessController.java:391)
	at java.base/java.security.ProtectionDomain$JavaSecurityAccessImpl.doIntersectionPrivilege(ProtectionDomain.java:85)
	at java.desktop/java.awt.EventQueue.dispatchEvent(EventQueue.java:742)
	at java.desktop/java.awt.EventDispatchThread.pumpOneEventForFilters(EventDispatchThread.java:203)
	at java.desktop/java.awt.EventDispatchThread.pumpEventsForFilter(EventDispatchThread.java:124)
	at java.desktop/java.awt.EventDispatchThread.pumpEventsForHierarchy(EventDispatchThread.java:113)
	at java.desktop/java.awt.EventDispatchThread.pumpEvents(EventDispatchThread.java:109)
	at java.desktop/java.awt.EventDispatchThread.pumpEvents(EventDispatchThread.java:101)
	at java.desktop/java.awt.EventDispatchThread.run(EventDispatchThread.java:90)
2024-12-04 15:29:19 INFO  GUI - –ü–æ–¥–∫–ª—é—á–µ–Ω–∏–µ –∫ —Å–µ—Ä–≤–µ—Ä—É...
2024-12-04 15:29:19 INFO  FileTransferServer - –ö–ª–∏–µ–Ω—Ç –ø–æ–¥–∫–ª—é—á–µ–Ω: 127.0.0.1
2024-12-04 15:29:19 ERROR FileTransferServer - –û—à–∏–±–∫–∞ –ø—Ä–∏ –ø–æ–ª—É—á–µ–Ω–∏–∏ —Ñ–∞–π–ª–∞: null
java.io.EOFException
	at java.base/java.io.DataInputStream.readUnsignedShort(DataInputStream.java:346)
	at java.base/java.io.DataInputStream.readUTF(DataInputStream.java:595)
	at java.base/java.io.DataInputStream.readUTF(DataInputStream.java:570)
	at FileTransferSystem.FileTransferServer.receiveFile(FileTransferServer.java:101)
	at FileTransferSystem.FileTransferServer.lambda$startServer$2(FileTransferServer.java:73)
	at java.base/java.lang.Thread.run(Thread.java:831)
2024-12-04 15:29:21 ERROR GUI - –û—à–∏–±–∫–∞: x != [B
java.util.IllegalFormatConversionException: x != [B
	at java.base/java.util.Formatter$FormatSpecifier.failConversion(Formatter.java:4445)
	at java.base/java.util.Formatter$FormatSpecifier.printInteger(Formatter.java:2957)
	at java.base/java.util.Formatter$FormatSpecifier.print(Formatter.java:2911)
	at java.base/java.util.Formatter.format(Formatter.java:2689)
	at java.base/java.util.Formatter.format(Formatter.java:2625)
	at java.base/java.lang.String.format(String.java:3290)
	at FileTransferSystem.GUI.lambda$bytesToHex$0(GUI.java:172)
	at java.base/java.util.stream.ReferencePipeline$3$1.accept(ReferencePipeline.java:197)
	at java.base/java.util.stream.Streams$StreamBuilderImpl.forEachRemaining(Streams.java:411)
	at java.base/java.util.stream.AbstractPipeline.copyInto(AbstractPipeline.java:484)
	at java.base/java.util.stream.AbstractPipeline.wrapAndCopyInto(AbstractPipeline.java:474)
	at java.base/java.util.stream.ReduceOps$ReduceOp.evaluateSequential(ReduceOps.java:913)
	at java.base/java.util.stream.AbstractPipeline.evaluate(AbstractPipeline.java:234)
	at java.base/java.util.stream.ReferencePipeline.collect(ReferencePipeline.java:682)
	at FileTransferSystem.GUI.bytesToHex(GUI.java:173)
	at FileTransferSystem.GUI.sendFile(GUI.java:104)
	at java.desktop/javax.swing.AbstractButton.fireActionPerformed(AbstractButton.java:1972)
	at java.desktop/javax.swing.AbstractButton$Handler.actionPerformed(AbstractButton.java:2313)
	at java.desktop/javax.swing.DefaultButtonModel.fireActionPerformed(DefaultButtonModel.java:405)
	at java.desktop/javax.swing.DefaultButtonModel.setPressed(DefaultButtonModel.java:262)
	at java.desktop/javax.swing.plaf.basic.BasicButtonListener.mouseReleased(BasicButtonListener.java:279)
	at java.desktop/java.awt.Component.processMouseEvent(Component.java:6617)
	at java.desktop/javax.swing.JComponent.processMouseEvent(JComponent.java:3342)
	at java.desktop/java.awt.Component.processEvent(Component.java:6382)
	at java.desktop/java.awt.Container.processEvent(Container.java:2264)
	at java.desktop/java.awt.Component.dispatchEventImpl(Component.java:4993)
	at java.desktop/java.awt.Container.dispatchEventImpl(Container.java:2322)
	at java.desktop/java.awt.Component.dispatchEvent(Component.java:4825)
	at java.desktop/java.awt.LightweightDispatcher.retargetMouseEvent(Container.java:4934)
	at java.desktop/java.awt.LightweightDispatcher.processMouseEvent(Container.java:4563)
	at java.desktop/java.awt.LightweightDispatcher.dispatchEvent(Container.java:4504)
	at java.desktop/java.awt.Container.dispatchEventImpl(Container.java:2308)
	at java.desktop/java.awt.Window.dispatchEventImpl(Window.java:2773)
	at java.desktop/java.awt.Component.dispatchEvent(Component.java:4825)
	at java.desktop/java.awt.EventQueue.dispatchEventImpl(EventQueue.java:772)
	at java.desktop/java.awt.EventQueue$4.run(EventQueue.java:721)
	at java.desktop/java.awt.EventQueue$4.run(EventQueue.java:715)
	at java.base/java.security.AccessController.doPrivileged(AccessController.java:391)
	at java.base/java.security.ProtectionDomain$JavaSecurityAccessImpl.doIntersectionPrivilege(ProtectionDomain.java:85)
	at java.base/java.security.ProtectionDomain$JavaSecurityAccessImpl.doIntersectionPrivilege(ProtectionDomain.java:95)
	at java.desktop/java.awt.EventQueue$5.run(EventQueue.java:745)
	at java.desktop/java.awt.EventQueue$5.run(EventQueue.java:743)
	at java.base/java.security.AccessController.doPrivileged(AccessController.java:391)
	at java.base/java.security.ProtectionDomain$JavaSecurityAccessImpl.doIntersectionPrivilege(ProtectionDomain.java:85)
	at java.desktop/java.awt.EventQueue.dispatchEvent(EventQueue.java:742)
	at java.desktop/java.awt.EventDispatchThread.pumpOneEventForFilters(EventDispatchThread.java:203)
	at java.desktop/java.awt.EventDispatchThread.pumpEventsForFilter(EventDispatchThread.java:124)
	at java.desktop/java.awt.EventDispatchThread.pumpEventsForHierarchy(EventDispatchThread.java:113)
	at java.desktop/java.awt.EventDispatchThread.pumpEvents(EventDispatchThread.java:109)
	at java.desktop/java.awt.EventDispatchThread.pumpEvents(EventDispatchThread.java:101)
	at java.desktop/java.awt.EventDispatchThread.run(EventDispatchThread.java:90)
2024-12-04 16:17:43 INFO  FileTransferServer - —Â‚Â Á‡ÔÛ˘ÂÌ Ë ÓÊË‰‡ÂÚ ÔÓ‰ÍÎ˛˜ÂÌËˇ...
2024-12-04 16:17:47 ERROR GUI - ‘‡ÈÎ ÌÂ Ì‡È‰ÂÌ ËÎË ˝ÚÓ ‰ËÂÍÚÓËˇ: 1
2024-12-04 16:20:44 INFO  FileTransferServer - –°–µ—Ä–≤–µ—Ä –∑–∞–ø—É—â–µ–Ω –∏ –æ–∂–∏–¥–∞–µ—Ç –ø–æ–¥–∫–ª—é—á–µ–Ω–∏—è...
2024-12-04 16:20:52 ERROR GUI - –§–∞–π–ª –Ω–µ –Ω–∞–π–¥–µ–Ω –∏–ª–∏ —ç—Ç–æ –¥–∏—Ä–µ–∫—Ç–æ—Ä–∏—è: 1
2024-12-04 16:26:40 INFO  FileTransferServer - –°–µ—Ä–≤–µ—Ä –∑–∞–ø—É—â–µ–Ω –∏ –æ–∂–∏–¥–∞–µ—Ç –ø–æ–¥–∫–ª—é—á–µ–Ω–∏—è...
2024-12-04 16:26:51 INFO  FileTransferServer - –°–µ—Ä–≤–µ—Ä –æ—Å—Ç–∞–Ω–æ–≤–ª–µ–Ω.
2024-12-04 16:31:17 INFO  FileTransferServer - –°–µ—Ä–≤–µ—Ä –∑–∞–ø—É—â–µ–Ω –∏ –æ–∂–∏–¥–∞–µ—Ç –ø–æ–¥–∫–ª—é—á–µ–Ω–∏—è...
2024-12-04 16:36:13 INFO  GUI - –ü–æ–¥–∫–ª—é—á–µ–Ω–∏–µ –∫ —Å–µ—Ä–≤–µ—Ä—É...
2024-12-04 16:36:13 INFO  FileTransferServer - –ö–ª–∏–µ–Ω—Ç –ø–æ–¥–∫–ª—é—á–µ–Ω: 127.0.0.1
2024-12-04 16:36:13 ERROR FileTransferServer - –û—à–∏–±–∫–∞ –ø—Ä–∏ –ø–æ–ª—É—á–µ–Ω–∏–∏ —Ñ–∞–π–ª–∞: null
java.io.EOFException: null
	at java.io.DataInputStream.readUnsignedShort(DataInputStream.java:346) ~[?:?]
	at java.io.DataInputStream.readUTF(DataInputStream.java:595) ~[?:?]
	at java.io.DataInputStream.readUTF(DataInputStream.java:570) ~[?:?]
	at FileTransferSystem.FileTransferServer.receiveFile(FileTransferServer.java:102) ~[FileTransferSystem-1.0-SNAPSHOT.jar:?]
	at FileTransferSystem.FileTransferServer.lambda$startServer$2(FileTransferServer.java:74) ~[FileTransferSystem-1.0-SNAPSHOT.jar:?]
	at java.lang.Thread.run(Thread.java:831) [?:?]
2024-12-04 16:36:15 ERROR GUI - –û—à–∏–±–∫–∞: x != [B
java.util.IllegalFormatConversionException: x != [B
	at java.util.Formatter$FormatSpecifier.failConversion(Formatter.java:4445) ~[?:?]
	at java.util.Formatter$FormatSpecifier.printInteger(Formatter.java:2957) ~[?:?]
	at java.util.Formatter$FormatSpecifier.print(Formatter.java:2911) ~[?:?]
	at java.util.Formatter.format(Formatter.java:2689) ~[?:?]
	at java.util.Formatter.format(Formatter.java:2625) ~[?:?]
	at java.lang.String.format(String.java:3290) ~[?:?]
	at FileTransferSystem.GUI.lambda$bytesToHex$0(GUI.java:173) ~[FileTransferSystem-1.0-SNAPSHOT.jar:?]
	at java.util.stream.ReferencePipeline$3$1.accept(ReferencePipeline.java:197) ~[?:?]
	at java.util.stream.Streams$StreamBuilderImpl.forEachRemaining(Streams.java:411) ~[?:?]
	at java.util.stream.AbstractPipeline.copyInto(AbstractPipeline.java:484) ~[?:?]
	at java.util.stream.AbstractPipeline.wrapAndCopyInto(AbstractPipeline.java:474) ~[?:?]
	at java.util.stream.ReduceOps$ReduceOp.evaluateSequential(ReduceOps.java:913) ~[?:?]
	at java.util.stream.AbstractPipeline.evaluate(AbstractPipeline.java:234) ~[?:?]
	at java.util.stream.ReferencePipeline.collect(ReferencePipeline.java:682) ~[?:?]
	at FileTransferSystem.GUI.bytesToHex(GUI.java:174) ~[FileTransferSystem-1.0-SNAPSHOT.jar:?]
	at FileTransferSystem.GUI.sendFile(GUI.java:104) ~[FileTransferSystem-1.0-SNAPSHOT.jar:?]
	at javax.swing.AbstractButton.fireActionPerformed(AbstractButton.java:1972) ~[?:?]
	at javax.swing.AbstractButton$Handler.actionPerformed(AbstractButton.java:2313) ~[?:?]
	at javax.swing.DefaultButtonModel.fireActionPerformed(DefaultButtonModel.java:405) ~[?:?]
	at javax.swing.DefaultButtonModel.setPressed(DefaultButtonModel.java:262) ~[?:?]
	at javax.swing.plaf.basic.BasicButtonListener.mouseReleased(BasicButtonListener.java:279) ~[?:?]
	at java.awt.Component.processMouseEvent(Component.java:6617) ~[?:?]
	at javax.swing.JComponent.processMouseEvent(JComponent.java:3342) ~[?:?]
	at java.awt.Component.processEvent(Component.java:6382) ~[?:?]
	at java.awt.Container.processEvent(Container.java:2264) ~[?:?]
	at java.awt.Component.dispatchEventImpl(Component.java:4993) ~[?:?]
	at java.awt.Container.dispatchEventImpl(Container.java:2322) ~[?:?]
	at java.awt.Component.dispatchEvent(Component.java:4825) ~[?:?]
	at java.awt.LightweightDispatcher.retargetMouseEvent(Container.java:4934) ~[?:?]
	at java.awt.LightweightDispatcher.processMouseEvent(Container.java:4563) ~[?:?]
	at java.awt.LightweightDispatcher.dispatchEvent(Container.java:4504) ~[?:?]
	at java.awt.Container.dispatchEventImpl(Container.java:2308) ~[?:?]
	at java.awt.Window.dispatchEventImpl(Window.java:2773) ~[?:?]
	at java.awt.Component.dispatchEvent(Component.java:4825) ~[?:?]
	at java.awt.EventQueue.dispatchEventImpl(EventQueue.java:772) ~[?:?]
	at java.awt.EventQueue$4.run(EventQueue.java:721) ~[?:?]
	at java.awt.EventQueue$4.run(EventQueue.java:715) ~[?:?]
	at java.security.AccessController.doPrivileged(AccessController.java:391) [?:?]
	at java.security.ProtectionDomain$JavaSecurityAccessImpl.doIntersectionPrivilege(ProtectionDomain.java:85) ~[?:?]
	at java.security.ProtectionDomain$JavaSecurityAccessImpl.doIntersectionPrivilege(ProtectionDomain.java:95) ~[?:?]
	at java.awt.EventQueue$5.run(EventQueue.java:745) ~[?:?]
	at java.awt.EventQueue$5.run(EventQueue.java:743) ~[?:?]
	at java.security.AccessController.doPrivileged(AccessController.java:391) [?:?]
	at java.security.ProtectionDomain$JavaSecurityAccessImpl.doIntersectionPrivilege(ProtectionDomain.java:85) [?:?]
	at java.awt.EventQueue.dispatchEvent(EventQueue.java:742) [?:?]
	at java.awt.EventDispatchThread.pumpOneEventForFilters(EventDispatchThread.java:203) [?:?]
	at java.awt.EventDispatchThread.pumpEventsForFilter(EventDispatchThread.java:124) [?:?]
	at java.awt.EventDispatchThread.pumpEventsForHierarchy(EventDispatchThread.java:113) [?:?]
	at java.awt.EventDispatchThread.pumpEvents(EventDispatchThread.java:109) [?:?]
	at java.awt.EventDispatchThread.pumpEvents(EventDispatchThread.java:101) [?:?]
	at java.awt.EventDispatchThread.run(EventDispatchThread.java:90) [?:?]
2024-12-04 16:44:55 INFO  FileTransferServer - –°–µ—Ä–≤–µ—Ä –∑–∞–ø—É—â–µ–Ω –∏ –æ–∂–∏–¥–∞–µ—Ç –ø–æ–¥–∫–ª—é—á–µ–Ω–∏—è...
2024-12-04 16:45:23 ERROR GUI - –û—à–∏–±–∫–∞: Connection refused: connect
java.net.ConnectException: Connection refused: connect
	at sun.nio.ch.Net.connect0(Native Method) ~[?:?]
	at sun.nio.ch.Net.connect(Net.java:576) ~[?:?]
	at sun.nio.ch.Net.connect(Net.java:565) ~[?:?]
	at sun.nio.ch.NioSocketImpl.connect(NioSocketImpl.java:588) ~[?:?]
	at java.net.SocksSocketImpl.connect(SocksSocketImpl.java:333) ~[?:?]
	at java.net.Socket.connect(Socket.java:645) ~[?:?]
	at java.net.Socket.connect(Socket.java:595) ~[?:?]
	at java.net.Socket.<init>(Socket.java:519) ~[?:?]
	at java.net.Socket.<init>(Socket.java:293) ~[?:?]
	at FileTransferSystem.GUI.sendFile(GUI.java:81) ~[FileTransferSystem-1.0-SNAPSHOT.jar:?]
	at javax.swing.AbstractButton.fireActionPerformed(AbstractButton.java:1972) ~[?:?]
	at javax.swing.AbstractButton$Handler.actionPerformed(AbstractButton.java:2313) ~[?:?]
	at javax.swing.DefaultButtonModel.fireActionPerformed(DefaultButtonModel.java:405) ~[?:?]
	at javax.swing.DefaultButtonModel.setPressed(DefaultButtonModel.java:262) ~[?:?]
	at javax.swing.plaf.basic.BasicButtonListener.mouseReleased(BasicButtonListener.java:279) ~[?:?]
	at java.awt.Component.processMouseEvent(Component.java:6617) ~[?:?]
	at javax.swing.JComponent.processMouseEvent(JComponent.java:3342) ~[?:?]
	at java.awt.Component.processEvent(Component.java:6382) ~[?:?]
	at java.awt.Container.processEvent(Container.java:2264) ~[?:?]
	at java.awt.Component.dispatchEventImpl(Component.java:4993) ~[?:?]
	at java.awt.Container.dispatchEventImpl(Container.java:2322) ~[?:?]
	at java.awt.Component.dispatchEvent(Component.java:4825) ~[?:?]
	at java.awt.LightweightDispatcher.retargetMouseEvent(Container.java:4934) ~[?:?]
	at java.awt.LightweightDispatcher.processMouseEvent(Container.java:4563) ~[?:?]
	at java.awt.LightweightDispatcher.dispatchEvent(Container.java:4504) ~[?:?]
	at java.awt.Container.dispatchEventImpl(Container.java:2308) ~[?:?]
	at java.awt.Window.dispatchEventImpl(Window.java:2773) ~[?:?]
	at java.awt.Component.dispatchEvent(Component.java:4825) ~[?:?]
	at java.awt.EventQueue.dispatchEventImpl(EventQueue.java:772) ~[?:?]
	at java.awt.EventQueue$4.run(EventQueue.java:721) ~[?:?]
	at java.awt.EventQueue$4.run(EventQueue.java:715) ~[?:?]
	at java.security.AccessController.doPrivileged(AccessController.java:391) [?:?]
	at java.security.ProtectionDomain$JavaSecurityAccessImpl.doIntersectionPrivilege(ProtectionDomain.java:85) ~[?:?]
	at java.security.ProtectionDomain$JavaSecurityAccessImpl.doIntersectionPrivilege(ProtectionDomain.java:95) ~[?:?]
	at java.awt.EventQueue$5.run(EventQueue.java:745) ~[?:?]
	at java.awt.EventQueue$5.run(EventQueue.java:743) ~[?:?]
	at java.security.AccessController.doPrivileged(AccessController.java:391) [?:?]
	at java.security.ProtectionDomain$JavaSecurityAccessImpl.doIntersectionPrivilege(ProtectionDomain.java:85) [?:?]
	at java.awt.EventQueue.dispatchEvent(EventQueue.java:742) [?:?]
	at java.awt.EventDispatchThread.pumpOneEventForFilters(EventDispatchThread.java:203) [?:?]
	at java.awt.EventDispatchThread.pumpEventsForFilter(EventDispatchThread.java:124) [?:?]
	at java.awt.EventDispatchThread.pumpEventsForHierarchy(EventDispatchThread.java:113) [?:?]
	at java.awt.EventDispatchThread.pumpEvents(EventDispatchThread.java:109) [?:?]
	at java.awt.EventDispatchThread.pumpEvents(EventDispatchThread.java:101) [?:?]
	at java.awt.EventDispatchThread.run(EventDispatchThread.java:90) [?:?]
2024-12-04 16:45:29 INFO  FileTransferServer - –°–µ—Ä–≤–µ—Ä –∑–∞–ø—É—â–µ–Ω –∏ –æ–∂–∏–¥–∞–µ—Ç –ø–æ–¥–∫–ª—é—á–µ–Ω–∏—è...
2024-12-04 16:45:30 INFO  GUI - –ü–æ–¥–∫–ª—é—á–µ–Ω–∏–µ –∫ —Å–µ—Ä–≤–µ—Ä—É...
2024-12-04 16:45:30 INFO  FileTransferServer - –ö–ª–∏–µ–Ω—Ç –ø–æ–¥–∫–ª—é—á–µ–Ω: 127.0.0.1
2024-12-04 16:45:31 INFO  FileTransferServer - –ü–æ–ª—É—á–µ–Ω–∏–µ —Ñ–∞–π–ª–∞: text.txt
2024-12-04 16:45:31 INFO  FileTransferServer - –§–∞–π–ª —Å–æ—Ö—Ä–∞–Ω–µ–Ω: text.txt
2024-12-04 16:45:33 INFO  GUI - –§–∞–π–ª —É—Å–ø–µ—à–Ω–æ –æ—Ç–ø—Ä–∞–≤–ª–µ–Ω: text.txt
2024-12-04 16:50:08 INFO  FileTransferServer - Server started and waiting for connections...
2024-12-04 16:50:24 INFO  GUI - Connecting to server...
2024-12-04 16:50:24 INFO  FileTransferServer - Client connected: 127.0.0.1
2024-12-04 16:50:24 INFO  FileTransferServer - Receiving file: text.txt
2024-12-04 16:50:24 INFO  FileTransferServer - File saved: text.txt
2024-12-04 16:50:26 INFO  GUI - File successfully sent: text.txt
